New log file opened at Thu May 21 20:06:42 GMT-03:00 2015 by 5796@Notebook-PC
Taking next connection to: 52279
New client attempting to connect on port: 52280-52279
  Address = /192.168.0.103:52279
This client on port 52280 has uuid 9e7a6e18-42ff-4554-8fd1-cd2e0effaf35 configName activator humanReadableName Activator protocolVersion 1 featureTags Vector()
Connected Clients: activator-9e7a6e18-42ff-4554-8fd1-cd2e0effaf35
Taking next connection to: 52279
New client attempting to connect on port: 52283-52279
  Address = /192.168.0.103:52279
Handshake exception on socket: 52283
sbt.impl.ipc.HandshakeException: Unable to perform handshake
	at sbt.impl.ipc.Peer.handshake(IPC.scala:46)
	at sbt.impl.ipc.MultiClientServer.<init>(IPC.scala:150)
	at sbt.server.SbtServerSocketHandler$$anon$1.run(SbtServerSocketHandler.scala:43)
Caused by: java.net.SocketException: Software caused connection abort: recv failed
	at java.net.SocketInputStream.socketRead0(Native Method)
	at java.net.SocketInputStream.socketRead(SocketInputStream.java:116)
	at java.net.SocketInputStream.read(SocketInputStream.java:170)
	at java.net.SocketInputStream.read(SocketInputStream.java:141)
	at java.io.BufferedInputStream.fill(BufferedInputStream.java:246)
	at java.io.BufferedInputStream.read(BufferedInputStream.java:265)
	at java.io.DataInputStream.readInt(DataInputStream.java:387)
	at sbt.impl.ipc.Peer.receive(IPC.scala:95)
	at sbt.impl.ipc.Peer.handshake(IPC.scala:49)
	... 2 more
Taking next connection to: 52279
New client attempting to connect on port: 52284-52279
  Address = /192.168.0.103:52279
This client on port 52284 has uuid 86e534a2-5e28-47fb-8dbd-cbcf779d5cdc configName activator humanReadableName Activator protocolVersion 1 featureTags Vector()
Connected Clients: activator-9e7a6e18-42ff-4554-8fd1-cd2e0effaf35, activator-86e534a2-5e28-47fb-8dbd-cbcf779d5cdc
Taking next connection to: 52279
